{"C:\\code\\me\\react-testing\\src\\components\\Application\\Appliacation.tsx": {"path":"C:\\code\\me\\react-testing\\src\\components\\Application\\Appliacation.tsx","statementMap":{"0":{"start":{"line":5,"column":21},"end":{"line":32,"column":1}},"1":{"start":{"line":6,"column":4},"end":{"line":31,"column":5}}},"fnMap":{"0":{"name":"(anonymous_0)","decl":{"start":{"line":5,"column":21},"end":{"line":5,"column":22}},"loc":{"start":{"line":5,"column":39},"end":{"line":32,"column":1}},"line":5}},"branchMap":{},"s":{"0":0,"1":0},"f":{"0":0},"b":{}}
,"C:\\code\\me\\react-testing\\src\\components\\greet\\Greet.tsx": {"path":"C:\\code\\me\\react-testing\\src\\components\\greet\\Greet.tsx","statementMap":{"0":{"start":{"line":7,"column":30},"end":{"line":11,"column":1}},"1":{"start":{"line":8,"column":4},"end":{"line":10,"column":5}}},"fnMap":{"0":{"name":"(anonymous_0)","decl":{"start":{"line":7,"column":30},"end":{"line":7,"column":31}},"loc":{"start":{"line":7,"column":44},"end":{"line":11,"column":1}},"line":7}},"branchMap":{"0":{"loc":{"start":{"line":9,"column":20},"end":{"line":9,"column":41}},"type":"cond-expr","locations":[{"start":{"line":9,"column":27},"end":{"line":9,"column":31}},{"start":{"line":9,"column":34},"end":{"line":9,"column":41}}],"line":9}},"s":{"0":1,"1":2},"f":{"0":2},"b":{"0":[1,1]},"_coverageSchema":"1a1c01bbd47fc00a2c39e90264f33305004495a9","hash":"71202df85aafe8a31dc4e141677c44aee9a48bc3"}
}
